# JRE version: 7.0_07-b11
# Java VM: Java HotSpot(TM) 64-Bit Server VM (23.3-b01 mixed mode windows-amd64 compressed oops)
Heap
 PSYoungGen      total 159232K, used 88732K [0x00000000e4eb0000, 0x00000000f0010000, 0x0000000100000000)
  eden space 152320K, 58% used [0x00000000e4eb0000,0x00000000ea5571a8,0x00000000ee370000)
  from space 6912K, 0% used [0x00000000ef950000,0x00000000ef950000,0x00000000f0010000)
  to   space 14656K, 8% used [0x00000000ee370000,0x00000000ee4a6d48,0x00000000ef1c0000)
 ParOldGen       total 53888K, used 36142K [0x00000000aec00000, 0x00000000b20a0000, 0x00000000e4eb0000)
  object space 53888K, 67% used [0x00000000aec00000,0x00000000b0f4b898,0x00000000b20a0000)
 PSPermGen       total 21248K, used 7933K [0x00000000a9a00000, 0x00000000aaec0000, 0x00000000aec00000)
  object space 21248K, 37% used [0x00000000a9a00000,0x00000000aa1bf6c8,0x00000000aaec0000)
GC Heap History (10 events):
Event: 6.148 GC heap after
Heap after GC invocations=8 (full 0):
 PSYoungGen      total 104704K, used 4366K [0x00000000e4eb0000, 0x00000000ebb50000, 0x0000000100000000)
  eden space 99712K, 0% used [0x00000000e4eb0000,0x00000000e4eb0000,0x00000000eb010000)
  from space 4992K, 87% used [0x00000000eb570000,0x00000000eb9b38a0,0x00000000eba50000)
  to   space 5504K, 0% used [0x00000000eb010000,0x00000000eb010000,0x00000000eb570000)
 ParOldGen       total 33472K, used 2618K [0x00000000aec00000, 0x00000000b0cb0000, 0x00000000e4eb0000)
  object space 33472K, 7% used [0x00000000aec00000,0x00000000aee8e9a0,0x00000000b0cb0000)
 PSPermGen       total 21248K, used 4201K [0x00000000a9a00000, 0x00000000aaec0000, 0x00000000aec00000)
  object space 21248K, 19% used [0x00000000a9a00000,0x00000000a9e1a4e0,0x00000000aaec0000)
}
Event: 10.412 GC heap before
{Heap before GC invocations=9 (full 0):
 PSYoungGen      total 104704K, used 104078K [0x00000000e4eb0000, 0x00000000ebb50000, 0x0000000100000000)
  eden space 99712K, 100% used [0x00000000e4eb0000,0x00000000eb010000,0x00000000eb010000)
  from space 4992K, 87% used [0x00000000eb570000,0x00000000eb9b38a0,0x00000000eba50000)
  to   space 5504K, 0% used [0x00000000eb010000,0x00000000eb010000,0x00000000eb570000)
 ParOldGen       total 33472K, used 2618K [0x00000000aec00000, 0x00000000b0cb0000, 0x00000000e4eb0000)
  object space 33472K, 7% used [0x00000000aec00000,0x00000000aee8e9a0,0x00000000b0cb0000)
 PSPermGen       total 21248K, used 5778K [0x00000000a9a00000, 0x00000000aaec0000, 0x00000000aec00000)
  object space 21248K, 27% used [0x00000000a9a00000,0x00000000a9fa4a80,0x00000000aaec0000)
Event: 10.480 GC heap after
Heap after GC invocations=9 (full 0):
 PSYoungGen      total 105216K, used 5477K [0x00000000e4eb0000, 0x00000000f0820000, 0x0000000100000000)
  eden space 99712K, 0% used [0x00000000e4eb0000,0x00000000e4eb0000,0x00000000eb010000)
  from space 5504K, 99% used [0x00000000eb010000,0x00000000eb5694a8,0x00000000eb570000)
  to   space 15168K, 0% used [0x00000000ef950000,0x00000000ef950000,0x00000000f0820000)
 ParOldGen       total 33472K, used 24603K [0x00000000aec00000, 0x00000000b0cb0000, 0x00000000e4eb0000)
  object space 33472K, 73% used [0x00000000aec00000,0x00000000b0406e28,0x00000000b0cb0000)
 PSPermGen       total 21248K, used 5778K [0x00000000a9a00000, 0x00000000aaec0000, 0x00000000aec00000)
  object space 21248K, 27% used [0x00000000a9a00000,0x00000000a9fa4a80,0x00000000aaec0000)
}
Event: 10.480 GC heap before
{Heap before GC invocations=10 (full 1):
 PSYoungGen      total 105216K, used 5477K [0x00000000e4eb0000, 0x00000000f0820000, 0x0000000100000000)
  eden space 99712K, 0% used [0x00000000e4eb0000,0x00000000e4eb0000,0x00000000eb010000)
  from space 5504K, 99% used [0x00000000eb010000,0x00000000eb5694a8,0x00000000eb570000)
  to   space 15168K, 0% used [0x00000000ef950000,0x00000000ef950000,0x00000000f0820000)
 ParOldGen       total 33472K, used 24603K [0x00000000aec00000, 0x00000000b0cb0000, 0x00000000e4eb0000)
  object space 33472K, 73% used [0x00000000aec00000,0x00000000b0406e28,0x00000000b0cb0000)
 PSPermGen       total 21248K, used 5778K [0x00000000a9a00000, 0x00000000aaec0000, 0x00000000aec00000)
  object space 21248K, 27% used [0x00000000a9a00000,0x00000000a9fa4a80,0x00000000aaec0000)
Event: 10.640 GC heap after
Heap after GC invocations=10 (full 1):
 PSYoungGen      total 105216K, used 0K [0x00000000e4eb0000, 0x00000000f0820000, 0x0000000100000000)
  eden space 99712K, 0% used [0x00000000e4eb0000,0x00000000e4eb0000,0x00000000eb010000)
  from space 5504K, 0% used [0x00000000eb010000,0x00000000eb010000,0x00000000eb570000)
  to   space 15168K, 0% used [0x00000000ef950000,0x00000000ef950000,0x00000000f0820000)
 ParOldGen       total 53888K, used 29785K [0x00000000aec00000, 0x00000000b20a0000, 0x00000000e4eb0000)
  object space 53888K, 55% used [0x00000000aec00000,0x00000000b09166c0,0x00000000b20a0000)
 PSPermGen       total 21248K, used 5774K [0x00000000a9a00000, 0x00000000aaec0000, 0x00000000aec00000)
  object space 21248K, 27% used [0x00000000a9a00000,0x00000000a9fa3bf8,0x00000000aaec0000)
}
Event: 13.963 GC heap before
{Heap before GC invocations=11 (full 1):
 PSYoungGen      total 105216K, used 29618K [0x00000000e4eb0000, 0x00000000f0820000, 0x0000000100000000)
  eden space 99712K, 29% used [0x00000000e4eb0000,0x00000000e6b9c8f8,0x00000000eb010000)
  from space 5504K, 0% used [0x00000000eb010000,0x00000000eb010000,0x00000000eb570000)
  to   space 15168K, 0% used [0x00000000ef950000,0x00000000ef950000,0x00000000f0820000)
 ParOldGen       total 53888K, used 29785K [0x00000000aec00000, 0x00000000b20a0000, 0x00000000e4eb0000)
  object space 53888K, 55% used [0x00000000aec00000,0x00000000b09166c0,0x00000000b20a0000)
 PSPermGen       total 21248K, used 5781K [0x00000000a9a00000, 0x00000000aaec0000, 0x00000000aec00000)
  object space 21248K, 27% used [0x00000000a9a00000,0x00000000a9fa54e8,0x00000000aaec0000)
Event: 13.987 GC heap after
Heap after GC invocations=11 (full 1):
 PSYoungGen      total 159232K, used 6784K [0x00000000e4eb0000, 0x00000000f0010000, 0x0000000100000000)
  eden space 152320K, 0% used [0x00000000e4eb0000,0x00000000e4eb0000,0x00000000ee370000)
  from space 6912K, 98% used [0x00000000ef950000,0x00000000efff0000,0x00000000f0010000)
  to   space 14656K, 0% used [0x00000000ee370000,0x00000000ee370000,0x00000000ef1c0000)
 ParOldGen       total 53888K, used 29785K [0x00000000aec00000, 0x00000000b20a0000, 0x00000000e4eb0000)
  object space 53888K, 55% used [0x00000000aec00000,0x00000000b09166c0,0x00000000b20a0000)
 PSPermGen       total 21248K, used 5781K [0x00000000a9a00000, 0x00000000aaec0000, 0x00000000aec00000)
  object space 21248K, 27% used [0x00000000a9a00000,0x00000000a9fa54e8,0x00000000aaec0000)
}
Event: 13.987 GC heap before
{Heap before GC invocations=12 (full 2):
 PSYoungGen      total 159232K, used 6784K [0x00000000e4eb0000, 0x00000000f0010000, 0x0000000100000000)
  eden space 152320K, 0% used [0x00000000e4eb0000,0x00000000e4eb0000,0x00000000ee370000)
  from space 6912K, 98% used [0x00000000ef950000,0x00000000efff0000,0x00000000f0010000)
  to   space 14656K, 0% used [0x00000000ee370000,0x00000000ee370000,0x00000000ef1c0000)
 ParOldGen       total 53888K, used 29785K [0x00000000aec00000, 0x00000000b20a0000, 0x00000000e4eb0000)
  object space 53888K, 55% used [0x00000000aec00000,0x00000000b09166c0,0x00000000b20a0000)
 PSPermGen       total 21248K, used 5781K [0x00000000a9a00000, 0x00000000aaec0000, 0x00000000aec00000)
  object space 21248K, 27% used [0x00000000a9a00000,0x00000000a9fa54e8,0x00000000aaec0000)
Event: 14.130 GC heap after
Heap after GC invocations=12 (full 2):
 PSYoungGen      total 159232K, used 0K [0x00000000e4eb0000, 0x00000000f0010000, 0x0000000100000000)
  eden space 152320K, 0% used [0x00000000e4eb0000,0x00000000e4eb0000,0x00000000ee370000)
  from space 6912K, 0% used [0x00000000ef950000,0x00000000ef950000,0x00000000f0010000)
  to   space 14656K, 0% used [0x00000000ee370000,0x00000000ee370000,0x00000000ef1c0000)
 ParOldGen       total 53888K, used 36134K [0x00000000aec00000, 0x00000000b20a0000, 0x00000000e4eb0000)
  object space 53888K, 67% used [0x00000000aec00000,0x00000000b0f49898,0x00000000b20a0000)
 PSPermGen       total 21248K, used 5781K [0x00000000a9a00000, 0x00000000aaec0000, 0x00000000aec00000)
  object space 21248K, 27% used [0x00000000a9a00000,0x00000000a9fa54e8,0x00000000aaec0000)
}
Event: 606.791 GC heap before
{Heap before GC invocations=13 (full 2):
 PSYoungGen      total 159232K, used 88732K [0x00000000e4eb0000, 0x00000000f0010000, 0x0000000100000000)
  eden space 152320K, 58% used [0x00000000e4eb0000,0x00000000ea5571a8,0x00000000ee370000)
  from space 6912K, 0% used [0x00000000ef950000,0x00000000ef950000,0x00000000f0010000)
  to   space 14656K, 0% used [0x00000000ee370000,0x00000000ee370000,0x00000000ef1c0000)
 ParOldGen       total 53888K, used 36134K [0x00000000aec00000, 0x00000000b20a0000, 0x00000000e4eb0000)
  object space 53888K, 67% used [0x00000000aec00000,0x00000000b0f49898,0x00000000b20a0000)
 PSPermGen       total 21248K, used 7933K [0x00000000a9a00000, 0x00000000aaec0000, 0x00000000aec00000)
  object space 21248K, 37% used [0x00000000a9a00000,0x00000000aa1bf6c8,0x00000000aaec0000)

